<?xml version="1.0" encoding="UTF-8"?>
<!-- Generated by org.testng.reporters.JUnitXMLReporter -->
<testsuite hostname="DESKTOP-OQBROSA" ignored="0" name="TeacherIndex" tests="3" failures="0" timestamp="14 三月 2019 06:17:31 GMT" time="66.014" errors="0">
  <testcase name="headerIndex" time="12.546" classname="com.itest.testcases.teacher.TeacherHome_001_HeaderIndex_Test"/>
  <testcase name="LeftHelp" time="19.412" classname="com.itest.testcases.teacher.TeacherHome_002_LeftHelp_Test"/>
  <testcase name="LeftHelp" time="25.905" classname="com.itest.testcases.teacher.TeacherHome_003_Center_Test"/>
</testsuite> <!-- TeacherIndex -->
