<?xml version="1.0" encoding="UTF-8"?>
<!-- Generated by org.testng.reporters.JUnitXMLReporter -->
<testsuite hostname="DESKTOP-OQBROSA" ignored="0" name="Test1" tests="3" failures="0" timestamp="06 三月 2019 08:09:30 GMT" time="66.006" errors="0">
  <testcase name="headerIndex" time="14.421" classname="com.itest.testcases.teacher.TeacherHome_001_HeaderIndex_Test"/>
  <testcase name="LeftHelp" time="16.22" classname="com.itest.testcases.teacher.TeacherHome_002_LeftHelp_Test"/>
  <testcase name="LeftHelp" time="28.144" classname="com.itest.testcases.teacher.TeacherHome_003_Center_Test"/>
</testsuite> <!-- Test1 -->
