-------------------------------------------------------------------------------
Test set: TestSuite
-------------------------------------------------------------------------------
Tests run: 1, Failures: 1, Errors: 0, Skipped: 0, Time elapsed: 31.246 sec <<< FAILURE!
HomeClick_001(com.itest.testcases.CodingHome_002_HomeClick_001_Test)  Time elapsed: 27.721 sec  <<< FAILURE!
org.openqa.selenium.NoSuchFrameException: No frame element found by name or id _login_frame_quick_
Build info: version: '3.13.0', revision: '2f0d292', time: '2018-06-25T15:24:21.231Z'
System info: host: 'DESKTOP-OQBROSA', ip: '192.168.71.108', os.name: 'Windows 10', os.arch: 'x86', os.version: '10.0', java.version: '1.8.0_144'
Driver info: driver.version: unknown
	at org.openqa.selenium.remote.RemoteWebDriver$RemoteTargetLocator.frame(RemoteWebDriver.java:881)
	at com.itest.utils.SeleniumUtil.inFrame(SeleniumUtil.java:265)
	at com.itest.buildTest.ActionFunction.action(ActionFunction.java:79)
	at com.itest.buildTest.ActionFunction.actionFunction(ActionFunction.java:40)
	at com.itest.testcases.CodingHome_002_HomeClick_001_Test.HomeClick_001(CodingHome_002_HomeClick_001_Test.java:32)

