<?xml version="1.0" encoding="UTF-8"?>
<testng-results skipped="0" failed="1" ignored="0" total="1" passed="0">
  <reporter-output>
    <line>
      <![CDATA[./result/screenshot/2019_01_09_11_12_23_HomeClick_001.jpg]]>
    </line>
    <line>
      <![CDATA[<img src="../.././result/screenshot/2019_01_09_11_12_23_HomeClick_001.jpg"/>]]>
    </line>
  </reporter-output>
  <suite name="Suite" duration-ms="30708" started-at="2019-01-09T03:11:53Z" finished-at="2019-01-09T03:12:23Z">
    <groups>
    </groups>
    <test name="Test1" duration-ms="30708" started-at="2019-01-09T03:11:53Z" finished-at="2019-01-09T03:12:23Z">
      <class name="com.itest.testcases.CodingHome_002_HomeClick_001_Test">
        <test-method status="PASS" signature="startTest(org.testng.ITestContext)[pri:0, instance:com.itest.testcases.CodingHome_002_HomeClick_001_Test@38d7a3]" name="startTest" is-config="true" duration-ms="2971" started-at="2019-01-09T11:11:53Z" finished-at="2019-01-09T11:11:56Z">
          <params>
            <param index="0">
              <value>
                <![CDATA[org.testng.TestRunner@f9aa66]]>
              </value>
            </param>
          </params>
          <reporter-output>
          </reporter-output>
        </test-method> <!-- startTest -->
        <test-method status="FAIL" signature="HomeClick_001()[pri:0, instance:com.itest.testcases.CodingHome_002_HomeClick_001_Test@38d7a3]" name="HomeClick_001" duration-ms="27348" started-at="2019-01-09T11:11:56Z" finished-at="2019-01-09T11:12:23Z">
          <exception class="org.openqa.selenium.NoSuchFrameException">
            <message>
              <![CDATA[No frame element found by name or id _login_frame_quick_Build info: version: '3.13.0', revision: '2f0d292', time: '2018-06-25T15:24:21.231Z'System info: host: 'DESKTOP-OQBROSA', ip: '192.168.71.108', os.name: 'Windows 10', os.arch: 'x86', os.version: '10.0', java.version: '1.8.0_144'Driver info: driver.version: unknown]]>
            </message>
            <full-stacktrace>
              <![CDATA[org.openqa.selenium.NoSuchFrameException: No frame element found by name or id _login_frame_quick_Build info: version: '3.13.0', revision: '2f0d292', time: '2018-06-25T15:24:21.231Z'System info: host: 'DESKTOP-OQBROSA', ip: '192.168.71.108', os.name: 'Windows 10', os.arch: 'x86', os.version: '10.0', java.version: '1.8.0_144'Driver info: driver.version: unknownat org.openqa.selenium.remote.RemoteWebDriver$RemoteTargetLocator.frame(RemoteWebDriver.java:881)at com.itest.utils.SeleniumUtil.inFrame(SeleniumUtil.java:265)at com.itest.buildTest.ActionFunction.action(ActionFunction.java:79)at com.itest.buildTest.ActionFunction.actionFunction(ActionFunction.java:40)at com.itest.testcases.CodingHome_002_HomeClick_001_Test.HomeClick_001(CodingHome_002_HomeClick_001_Test.java:32)at sun.reflect.NativeMethodAccessorImpl.invoke0(Native Method)at sun.reflect.NativeMethodAccessorImpl.invoke(NativeMethodAccessorImpl.java:62)at sun.reflect.DelegatingMethodAccessorImpl.invoke(DelegatingMethodAccessorImpl.java:43)at java.lang.reflect.Method.invoke(Method.java:498)at org.testng.internal.MethodInvocationHelper.invokeMethod(MethodInvocationHelper.java:124)at org.testng.internal.Invoker.invokeMethod(Invoker.java:571)at org.testng.internal.Invoker.invokeTestMethod(Invoker.java:707)at org.testng.internal.Invoker.invokeTestMethods(Invoker.java:979)at org.testng.internal.TestMethodWorker.invokeTestMethods(TestMethodWorker.java:125)at org.testng.internal.TestMethodWorker.run(TestMethodWorker.java:109)at org.testng.TestRunner.privateRun(TestRunner.java:648)at org.testng.TestRunner.run(TestRunner.java:505)at org.testng.SuiteRunner.runTest(SuiteRunner.java:455)at org.testng.SuiteRunner.runSequentially(SuiteRunner.java:450)at org.testng.SuiteRunner.privateRun(SuiteRunner.java:415)at org.testng.SuiteRunner.run(SuiteRunner.java:364)at org.testng.SuiteRunnerWorker.runSuite(SuiteRunnerWorker.java:52)at org.testng.SuiteRunnerWorker.run(SuiteRunnerWorker.java:84)at org.testng.TestNG.runSuitesSequentially(TestNG.java:1187)at org.testng.TestNG.runSuitesLocally(TestNG.java:1116)at org.testng.TestNG.runSuites(TestNG.java:1028)at org.testng.TestNG.run(TestNG.java:996)at org.apache.maven.surefire.testng.TestNGExecutor.run(TestNGExecutor.java:178)at org.apache.maven.surefire.testng.TestNGXmlTestSuite.execute(TestNGXmlTestSuite.java:92)at org.apache.maven.surefire.testng.TestNGProvider.invoke(TestNGProvider.java:96)at sun.reflect.NativeMethodAccessorImpl.invoke0(Native Method)at sun.reflect.NativeMethodAccessorImpl.invoke(NativeMethodAccessorImpl.java:62)at sun.reflect.DelegatingMethodAccessorImpl.invoke(DelegatingMethodAccessorImpl.java:43)at java.lang.reflect.Method.invoke(Method.java:498)at org.apache.maven.surefire.util.ReflectionUtils.invokeMethodWithArray(ReflectionUtils.java:189)at org.apache.maven.surefire.booter.ProviderFactory$ProviderProxy.invoke(ProviderFactory.java:165)at org.apache.maven.surefire.booter.ProviderFactory.invokeProvider(ProviderFactory.java:85)at org.apache.maven.surefire.booter.ForkedBooter.runSuitesInProcess(ForkedBooter.java:115)at org.apache.maven.surefire.booter.ForkedBooter.main(ForkedBooter.java:75)]]>
            </full-stacktrace>
          </exception> <!-- org.openqa.selenium.NoSuchFrameException -->
          <reporter-output>
            <line>
              <![CDATA[./result/screenshot/2019_01_09_11_12_23_HomeClick_001.jpg]]>
            </line>
            <line>
              <![CDATA[<img src="../.././result/screenshot/2019_01_09_11_12_23_HomeClick_001.jpg"/>]]>
            </line>
          </reporter-output>
        </test-method> <!-- HomeClick_001 -->
      </class> <!-- com.itest.testcases.CodingHome_002_HomeClick_001_Test -->
    </test> <!-- Test1 -->
  </suite> <!-- Suite -->
</testng-results>
