<?xml version="1.0" encoding="UTF-8" ?>
<testsuite tests="1" failures="1" name="TestSuite" time="27.721" errors="0" skipped="0">
  <properties>
[...]
</properties>
  <testcase classname="com.itest.testcases.CodingHome_002_HomeClick_001_Test" name="HomeClick_001" time="27.721">
    <failure message="No frame element found by name or id _login_frame_quick_
Build info: version: &apos;3.13.0&apos;, revision: &apos;2f0d292&apos;, time: &apos;2018-06-25T15:24:21.231Z&apos;
System info: host: &apos;DESKTOP-OQBROSA&apos;, ip: &apos;192.168.71.108&apos;, os.name: &apos;Windows 10&apos;, os.arch: &apos;x86&apos;, os.version: &apos;10.0&apos;, java.version: &apos;1.8.0_144&apos;
Driver info: driver.version: unknown" type="org.openqa.selenium.NoSuchFrameException">org.openqa.selenium.NoSuchFrameException: No frame element found by name or id _login_frame_quick_
Build info: version: &apos;3.13.0&apos;, revision: &apos;2f0d292&apos;, time: &apos;2018-06-25T15:24:21.231Z&apos;
System info: host: &apos;DESKTOP-OQBROSA&apos;, ip: &apos;192.168.71.108&apos;, os.name: &apos;Windows 10&apos;, os.arch: &apos;x86&apos;, os.version: &apos;10.0&apos;, java.version: &apos;1.8.0_144&apos;
Driver info: driver.version: unknown
	at org.openqa.selenium.remote.RemoteWebDriver$RemoteTargetLocator.frame(RemoteWebDriver.java:881)
	at com.itest.utils.SeleniumUtil.inFrame(SeleniumUtil.java:265)
	at com.itest.buildTest.ActionFunction.action(ActionFunction.java:79)
	at com.itest.buildTest.ActionFunction.actionFunction(ActionFunction.java:40)
	at com.itest.testcases.CodingHome_002_HomeClick_001_Test.HomeClick_001(CodingHome_002_HomeClick_001_Test.java:32)
</failure>
    <system-out>--------------Coding--------------CodingHome_002_HomeClick_001_Test
[2019-01-09 11:11:56] [INFO] HomeClick_001 测试用例始执行！
[2019-01-09 11:11:56] [INFO] [读取到表格中用例的条数为]:0HomeClick_001
一共多少行19
[2019-01-09 11:11:56] [INFO] [该行为空，直接跳过]
[2019-01-09 11:11:56] [INFO] [该行为空，直接跳过]
[2019-01-09 11:11:56] [INFO] [该行为空，直接跳过]
[2019-01-09 11:11:56] [INFO] [该行为空，直接跳过]
[2019-01-09 11:11:56] [INFO] [该行为空，直接跳过]
[2019-01-09 11:11:57] [INFO] 打开测试页面：[https://dev.coding.qq.com/home/#/]
[2019-01-09 11:11:58] [INFO] 点击元素 [[[ChromeDriver: chrome on XP (6a24f41fa3c57724eaa1c10a6a60512a)] -&gt; xpath: //*[@id=&quot;app&quot;]/div/div/div/div[1]/div[2]/a[2]]]
[checkStr]专注9-18岁
[2019-01-09 11:12:07] [INFO] [进入了]https://dev.coding.qq.com/home/#/lesson    页面
[2019-01-09 11:12:16] [INFO] [点击校园步骤出现了新的句柄]CDwindow-F0486E0252C4A965FE60A4DAB692B95F
[2019-01-09 11:12:16] [INFO] [当前页面句柄为：CDwindow-F0486E0252C4A965FE60A4DAB692B95F]
[2019-01-09 11:12:16] [INFO] 点击元素 [[[ChromeDriver: chrome on XP (6a24f41fa3c57724eaa1c10a6a60512a)] -&gt; xpath: //*[@id=&quot;app&quot;]/div/div/div/div[1]/div[2]/a[3]]]
[2019-01-09 11:12:21] [INFO] 点击元素 [[[ChromeDriver: chrome on XP (6a24f41fa3c57724eaa1c10a6a60512a)] -&gt; xpath: //*[@id=&quot;app&quot;]/div/div[2]/div/div/div[1]/div/div[1]/img]]
[2019-01-09 11:12:23] [WARN] HomeClick_001 测试用例执行失败
[2019-01-09 11:12:23] [INFO] [2019_01_09_11_12_23_HomeClick_001] 截图成功，保存在[ ./result/screenshot/2019_01_09_11_12_23_HomeClick_001.jpg ]
</system-out>
    <system-err>log4j:WARN No appenders could be found for logger (com.itest.plugins.arrow.TestResultListener).
log4j:WARN Please initialize the log4j system properly.
Starting ChromeDriver 2.41.578737 (49da6702b16031c40d63e5618de03a32ff6c197e) on port 13006
Only local connections are allowed.
一月 09, 2019 11:11:56 上午 org.openqa.selenium.remote.ProtocolHandshake createSession
信息: Detected dialect: OSS
</system-err>
  </testcase>
</testsuite>