<?xml version="1.0" encoding="UTF-8"?>
<!-- Generated by org.testng.reporters.JUnitReportReporter -->
<testsuite skipped="0" hostname="DESKTOP-OQBROSA" name="com.itest.testcases.LoginPage_001_LoginSuccessFuntion_Test" tests="1" failures="0" timestamp="26 十一月 2018 10:42:01 GMT" time="12.063" errors="0">
  <testcase name="loginSuccessFunction" time="12.063" classname="com.itest.testcases.LoginPage_001_LoginSuccessFuntion_Test"/>
</testsuite> <!-- com.itest.testcases.LoginPage_001_LoginSuccessFuntion_Test -->
