<?xml version="1.0" encoding="UTF-8"?>
<testng-results skipped="0" failed="0" ignored="0" total="1" passed="1">
  <reporter-output>
  </reporter-output>
  <suite name="Suite" duration-ms="12716" started-at="2019-03-18T03:32:37Z" finished-at="2019-03-18T03:32:50Z">
    <groups>
    </groups>
    <test name="Coding" duration-ms="12716" started-at="2019-03-18T03:32:37Z" finished-at="2019-03-18T03:32:50Z">
      <class name="com.itest.testcases.personalCenter.PersonalCenter_001_Left_Test">
        <test-method status="PASS" signature="beforeTest(org.testng.ITestContext)[pri:0, instance:com.itest.testcases.personalCenter.PersonalCenter_001_Left_Test@1d4cc9e]" name="beforeTest" is-config="true" duration-ms="3608" started-at="2019-03-18T11:32:37Z" finished-at="2019-03-18T11:32:41Z">
          <params>
            <param index="0">
              <value>
                <![CDATA[org.testng.TestRunner@ef4eb8]]>
              </value>
            </param>
          </params>
          <reporter-output>
          </reporter-output>
        </test-method> <!-- beforeTest -->
        <test-method status="PASS" signature="leftHelp()[pri:0, instance:com.itest.testcases.personalCenter.PersonalCenter_001_Left_Test@1d4cc9e]" name="leftHelp" duration-ms="9069" started-at="2019-03-18T11:32:41Z" finished-at="2019-03-18T11:32:50Z">
          <reporter-output>
          </reporter-output>
        </test-method> <!-- leftHelp -->
      </class> <!-- com.itest.testcases.personalCenter.PersonalCenter_001_Left_Test -->
    </test> <!-- Coding -->
  </suite> <!-- Suite -->
</testng-results>
